<?xml version="1.0" encoding="UTF-8"?>
<testng-results ignored="0" total="1" passed="1" failed="0" skipped="0">
  <reporter-output>
  </reporter-output>
  <suite started-at="2024-06-21T20:01:38 IST" name="Default suite" finished-at="2024-06-21T20:01:44 IST" duration-ms="6364">
    <groups>
    </groups>
    <test started-at="2024-06-21T20:01:38 IST" name="Default test" finished-at="2024-06-21T20:01:44 IST" duration-ms="6364">
      <class name="PracticeValidation.Complex_JsonXpath_for_Dynamic_Response_Payload">
        <test-method signature="sampleTest()[pri:0, instance:PracticeValidation.Complex_JsonXpath_for_Dynamic_Response_Payload@73e9cf30]" started-at="2024-06-21T20:01:38 IST" name="sampleTest" finished-at="2024-06-21T20:01:44 IST" duration-ms="6170" status="PASS">
          <reporter-output>
          </reporter-output>
        </test-method> <!-- sampleTest -->
      </class> <!-- PracticeValidation.Complex_JsonXpath_for_Dynamic_Response_Payload -->
    </test> <!-- Default test -->
  </suite> <!-- Default suite -->
</testng-results>
