<?xml version="1.0" encoding="UTF-8"?>
<testng-results ignored="0" total="1" passed="1" failed="0" skipped="0">
  <reporter-output>
  </reporter-output>
  <suite started-at="2024-06-23T20:32:48 IST" name="Default suite" finished-at="2024-06-23T20:32:48 IST" duration-ms="133">
    <groups>
    </groups>
    <test started-at="2024-06-23T20:32:48 IST" name="Default test" finished-at="2024-06-23T20:32:48 IST" duration-ms="133">
      <class name="pac.Run1_forMethodChaining">
        <test-method signature="sampleTest()[pri:0, instance:pac.Run1_forMethodChaining@54e1c68b]" started-at="2024-06-23T20:32:48 IST" name="sampleTest" finished-at="2024-06-23T20:32:48 IST" duration-ms="25" status="PASS">
          <reporter-output>
          </reporter-output>
        </test-method> <!-- sampleTest -->
      </class> <!-- pac.Run1_forMethodChaining -->
    </test> <!-- Default test -->
  </suite> <!-- Default suite -->
</testng-results>
